The system is: Linux - 3.8.0-32-generic - i686
Compiling the CXX compiler identification source file "CMakeCXXCompilerId.cpp" succeeded.
Compiler: /usr/bin/c++ 
Build flags: 
Id flags: 

The output was:
0


Compilation of the CXX compiler identification source "CMakeCXXCompilerId.cpp" produced "a.out"

The CXX compiler identification is GNU, found in "/home/vermouth/Desktop/opencv-2.4.6.1/build/CMakeFiles/2.8.10.1/CompilerIdCXX/a.out"

Compiling the C compiler identification source file "CMakeCCompilerId.c" succeeded.
Compiler: /usr/bin/cc 
Build flags: 
Id flags: 

The output was:
0


Compilation of the C compiler identification source "CMakeCCompilerId.c" produced "a.out"

The C compiler identification is GNU, found in "/home/vermouth/Desktop/opencv-2.4.6.1/build/CMakeFiles/2.8.10.1/CompilerIdC/a.out"

Determining if the CXX compiler works passed with the following output:
Change Dir: /home/vermouth/Desktop/opencv-2.4.6.1/build/CMakeFiles/CMakeTmp

Run Build Command:/usr/bin/make "cmTryCompileExec411978434/fast"
/usr/bin/make -f CMakeFiles/cmTryCompileExec411978434.dir/build.make CMakeFiles/cmTryCompileExec411978434.dir/build
make[1]: Entering directory `/home/vermouth/Desktop/opencv-2.4.6.1/build/CMakeFiles/CMakeTmp'
/usr/bin/cmake -E cmake_progress_report /home/vermouth/Desktop/opencv-2.4.6.1/build/CMakeFiles/CMakeTmp/CMakeFiles 1
Building CXX object CMakeFiles/cmTryCompileExec411978434.dir/testCXXCompiler.cxx.o
/usr/bin/c++     -o CMakeFiles/cmTryCompileExec411978434.dir/testCXXCompiler.cxx.o -c /home/vermouth/Desktop/opencv-2.4.6.1/build/CMakeFiles/CMakeTmp/testCXXCompiler.cxx
Linking CXX executable cmTryCompileExec411978434
/usr/bin/cmake -E cmake_link_script CMakeFiles/cmTryCompileExec411978434.dir/link.txt --verbose=1
/usr/bin/c++          CMakeFiles/cmTryCompileExec411978434.dir/testCXXCompiler.cxx.o  -o cmTryCompileExec411978434 -rdynamic 
make[1]: Leaving directory `/home/vermouth/Desktop/opencv-2.4.6.1/build/CMakeFiles/CMakeTmp'


Detecting CXX compiler ABI info compiled with the following output:
Change Dir: /home/vermouth/Desktop/opencv-2.4.6.1/build/CMakeFiles/CMakeTmp

Run Build Command:/usr/bin/make "cmTryCompileExec1095603370/fast"
/usr/bin/make -f CMakeFiles/cmTryCompileExec1095603370.dir/build.make CMakeFiles/cmTryCompileExec1095603370.dir/build
make[1]: Entering directory `/home/vermouth/Desktop/opencv-2.4.6.1/build/CMakeFiles/CMakeTmp'
/usr/bin/cmake -E cmake_progress_report /home/vermouth/Desktop/opencv-2.4.6.1/build/CMakeFiles/CMakeTmp/CMakeFiles 1
Building CXX object CMakeFiles/cmTryCompileExec1095603370.dir/CMakeCXXCompilerABI.cpp.o
/usr/bin/c++     -o CMakeFiles/cmTryCompileExec1095603370.dir/CMakeCXXCompilerABI.cpp.o -c /usr/share/cmake-2.8/Modules/CMakeCXXCompilerABI.cpp
Linking CXX executable cmTryCompileExec1095603370
/usr/bin/cmake -E cmake_link_script CMakeFiles/cmTryCompileExec1095603370.dir/link.txt --verbose=1
/usr/bin/c++        -v CMakeFiles/cmTryCompileExec1095603370.dir/CMakeCXXCompilerABI.cpp.o  -o cmTryCompileExec1095603370 -rdynamic  
Using built-in specs.
COLLECT_GCC=/usr/bin/c++
COLLECT_LTO_WRAPPER=/usr/lib/gcc/i686-linux-gnu/4.7/lto-wrapper
Target: i686-linux-gnu
Configured with: ../src/configure -v --with-pkgversion='Ubuntu/Linaro 4.7.3-1ubuntu1' --with-bugurl=file:///usr/share/doc/gcc-4.7/README.Bugs --enable-languages=c,c++,go,fortran,objc,obj-c++ --prefix=/usr --program-suffix=-4.7 --enable-shared --enable-linker-build-id --libexecdir=/usr/lib --without-included-gettext --enable-threads=posix --with-gxx-include-dir=/usr/include/c++/4.7 --libdir=/usr/lib --enable-nls --with-sysroot=/ --enable-clocale=gnu --enable-libstdcxx-debug --enable-libstdcxx-time=yes --enable-gnu-unique-object --enable-plugin --with-system-zlib --enable-objc-gc --enable-targets=all --with-cloog --enable-cloog-backend=ppl --disable-cloog-version-check --disable-ppl-version-check --enable-multiarch --disable-werror --with-arch-32=i686 --with-multilib-list=m32,m64,mx32 --with-tune=generic --enable-checking=release --build=i686-linux-gnu --host=i686-linux-gnu --target=i686-linux-gnu
Thread model: posix
gcc version 4.7.3 (Ubuntu/Linaro 4.7.3-1ubuntu1) 
COMPILER_PATH=/usr/lib/gcc/i686-linux-gnu/4.7/:/usr/lib/gcc/i686-linux-gnu/4.7/:/usr/lib/gcc/i686-linux-gnu/:/usr/lib/gcc/i686-linux-gnu/4.7/:/usr/lib/gcc/i686-linux-gnu/
LIBRARY_PATH=/usr/lib/gcc/i686-linux-gnu/4.7/:/usr/lib/gcc/i686-linux-gnu/4.7/../../../i386-linux-gnu/:/usr/lib/gcc/i686-linux-gnu/4.7/../../../../lib/:/lib/i386-linux-gnu/:/lib/../lib/:/usr/lib/i386-linux-gnu/:/usr/lib/../lib/:/usr/lib/gcc/i686-linux-gnu/4.7/../../../:/lib/:/usr/lib/
COLLECT_GCC_OPTIONS='-v' '-o' 'cmTryCompileExec1095603370' '-rdynamic' '-shared-libgcc' '-mtune=generic' '-march=i686'
 /usr/lib/gcc/i686-linux-gnu/4.7/collect2 --sysroot=/ --build-id --eh-frame-hdr -m elf_i386 --hash-style=gnu --as-needed -export-dynamic -dynamic-linker /lib/ld-linux.so.2 -z relro -o cmTryCompileExec1095603370 /usr/lib/gcc/i686-linux-gnu/4.7/../../../i386-linux-gnu/crt1.o /usr/lib/gcc/i686-linux-gnu/4.7/../../../i386-linux-gnu/crti.o /usr/lib/gcc/i686-linux-gnu/4.7/crtbegin.o -L/usr/lib/gcc/i686-linux-gnu/4.7 -L/usr/lib/gcc/i686-linux-gnu/4.7/../../../i386-linux-gnu -L/usr/lib/gcc/i686-linux-gnu/4.7/../../../../lib -L/lib/i386-linux-gnu -L/lib/../lib -L/usr/lib/i386-linux-gnu -L/usr/lib/../lib -L/usr/lib/gcc/i686-linux-gnu/4.7/../../.. CMakeFiles/cmTryCompileExec1095603370.dir/CMakeCXXCompilerABI.cpp.o -lstdc++ -lm -lgcc_s -lgcc -lc -lgcc_s -lgcc /usr/lib/gcc/i686-linux-gnu/4.7/crtend.o /usr/lib/gcc/i686-linux-gnu/4.7/../../../i386-linux-gnu/crtn.o
make[1]: Leaving directory `/home/vermouth/Desktop/opencv-2.4.6.1/build/CMakeFiles/CMakeTmp'


Parsed CXX implicit link information from above output:
  link line regex: [^( *|.*[/\])(ld|ld|collect2)[^/\]*( |$)]
  ignore line: [Change Dir: /home/vermouth/Desktop/opencv-2.4.6.1/build/CMakeFiles/CMakeTmp]
  ignore line: []
  ignore line: [Run Build Command:/usr/bin/make "cmTryCompileExec1095603370/fast"]
  ignore line: [/usr/bin/make -f CMakeFiles/cmTryCompileExec1095603370.dir/build.make CMakeFiles/cmTryCompileExec1095603370.dir/build]
  ignore line: [make[1]: Entering directory `/home/vermouth/Desktop/opencv-2.4.6.1/build/CMakeFiles/CMakeTmp']
  ignore line: [/usr/bin/cmake -E cmake_progress_report /home/vermouth/Desktop/opencv-2.4.6.1/build/CMakeFiles/CMakeTmp/CMakeFiles 1]
  ignore line: [Building CXX object CMakeFiles/cmTryCompileExec1095603370.dir/CMakeCXXCompilerABI.cpp.o]
  ignore line: [/usr/bin/c++     -o CMakeFiles/cmTryCompileExec1095603370.dir/CMakeCXXCompilerABI.cpp.o -c /usr/share/cmake-2.8/Modules/CMakeCXXCompilerABI.cpp]
  ignore line: [Linking CXX executable cmTryCompileExec1095603370]
  ignore line: [/usr/bin/cmake -E cmake_link_script CMakeFiles/cmTryCompileExec1095603370.dir/link.txt --verbose=1]
  ignore line: [/usr/bin/c++        -v CMakeFiles/cmTryCompileExec1095603370.dir/CMakeCXXCompilerABI.cpp.o  -o cmTryCompileExec1095603370 -rdynamic  ]
  ignore line: [Using built-in specs.]
  ignore line: [COLLECT_GCC=/usr/bin/c++]
  ignore line: [COLLECT_LTO_WRAPPER=/usr/lib/gcc/i686-linux-gnu/4.7/lto-wrapper]
  ignore line: [Target: i686-linux-gnu]
  ignore line: [Configured with: ../src/configure -v --with-pkgversion='Ubuntu/Linaro 4.7.3-1ubuntu1' --with-bugurl=file:///usr/share/doc/gcc-4.7/README.Bugs --enable-languages=c,c++,go,fortran,objc,obj-c++ --prefix=/usr --program-suffix=-4.7 --enable-shared --enable-linker-build-id --libexecdir=/usr/lib --without-included-gettext --enable-threads=posix --with-gxx-include-dir=/usr/include/c++/4.7 --libdir=/usr/lib --enable-nls --with-sysroot=/ --enable-clocale=gnu --enable-libstdcxx-debug --enable-libstdcxx-time=yes --enable-gnu-unique-object --enable-plugin --with-system-zlib --enable-objc-gc --enable-targets=all --with-cloog --enable-cloog-backend=ppl --disable-cloog-version-check --disable-ppl-version-check --enable-multiarch --disable-werror --with-arch-32=i686 --with-multilib-list=m32,m64,mx32 --with-tune=generic --enable-checking=release --build=i686-linux-gnu --host=i686-linux-gnu --target=i686-linux-gnu]
  ignore line: [Thread model: posix]
  ignore line: [gcc version 4.7.3 (Ubuntu/Linaro 4.7.3-1ubuntu1) ]
  ignore line: [COMPILER_PATH=/usr/lib/gcc/i686-linux-gnu/4.7/:/usr/lib/gcc/i686-linux-gnu/4.7/:/usr/lib/gcc/i686-linux-gnu/:/usr/lib/gcc/i686-linux-gnu/4.7/:/usr/lib/gcc/i686-linux-gnu/]
  ignore line: [LIBRARY_PATH=/usr/lib/gcc/i686-linux-gnu/4.7/:/usr/lib/gcc/i686-linux-gnu/4.7/../../../i386-linux-gnu/:/usr/lib/gcc/i686-linux-gnu/4.7/../../../../lib/:/lib/i386-linux-gnu/:/lib/../lib/:/usr/lib/i386-linux-gnu/:/usr/lib/../lib/:/usr/lib/gcc/i686-linux-gnu/4.7/../../../:/lib/:/usr/lib/]
  ignore line: [COLLECT_GCC_OPTIONS='-v' '-o' 'cmTryCompileExec1095603370' '-rdynamic' '-shared-libgcc' '-mtune=generic' '-march=i686']
  link line: [ /usr/lib/gcc/i686-linux-gnu/4.7/collect2 --sysroot=/ --build-id --eh-frame-hdr -m elf_i386 --hash-style=gnu --as-needed -export-dynamic -dynamic-linker /lib/ld-linux.so.2 -z relro -o cmTryCompileExec1095603370 /usr/lib/gcc/i686-linux-gnu/4.7/../../../i386-linux-gnu/crt1.o /usr/lib/gcc/i686-linux-gnu/4.7/../../../i386-linux-gnu/crti.o /usr/lib/gcc/i686-linux-gnu/4.7/crtbegin.o -L/usr/lib/gcc/i686-linux-gnu/4.7 -L/usr/lib/gcc/i686-linux-gnu/4.7/../../../i386-linux-gnu -L/usr/lib/gcc/i686-linux-gnu/4.7/../../../../lib -L/lib/i386-linux-gnu -L/lib/../lib -L/usr/lib/i386-linux-gnu -L/usr/lib/../lib -L/usr/lib/gcc/i686-linux-gnu/4.7/../../.. CMakeFiles/cmTryCompileExec1095603370.dir/CMakeCXXCompilerABI.cpp.o -lstdc++ -lm -lgcc_s -lgcc -lc -lgcc_s -lgcc /usr/lib/gcc/i686-linux-gnu/4.7/crtend.o /usr/lib/gcc/i686-linux-gnu/4.7/../../../i386-linux-gnu/crtn.o]
    arg [/usr/lib/gcc/i686-linux-gnu/4.7/collect2] ==> ignore
    arg [--sysroot=/] ==> ignore
    arg [--build-id] ==> ignore
    arg [--eh-frame-hdr] ==> ignore
    arg [-m] ==> ignore
    arg [elf_i386] ==> ignore
    arg [--hash-style=gnu] ==> ignore
    arg [--as-needed] ==> ignore
    arg [-export-dynamic] ==> ignore
    arg [-dynamic-linker] ==> ignore
    arg [/lib/ld-linux.so.2] ==> ignore
    arg [-zrelro] ==> ignore
    arg [-o] ==> ignore
    arg [cmTryCompileExec1095603370] ==> ignore
    arg [/usr/lib/gcc/i686-linux-gnu/4.7/../../../i386-linux-gnu/crt1.o] ==> ignore
    arg [/usr/lib/gcc/i686-linux-gnu/4.7/../../../i386-linux-gnu/crti.o] ==> ignore
    arg [/usr/lib/gcc/i686-linux-gnu/4.7/crtbegin.o] ==> ignore
    arg [-L/usr/lib/gcc/i686-linux-gnu/4.7] ==> dir [/usr/lib/gcc/i686-linux-gnu/4.7]
    arg [-L/usr/lib/gcc/i686-linux-gnu/4.7/../../../i386-linux-gnu] ==> dir [/usr/lib/gcc/i686-linux-gnu/4.7/../../../i386-linux-gnu]
    arg [-L/usr/lib/gcc/i686-linux-gnu/4.7/../../../../lib] ==> dir [/usr/lib/gcc/i686-linux-gnu/4.7/../../../../lib]
    arg [-L/lib/i386-linux-gnu] ==> dir [/lib/i386-linux-gnu]
    arg [-L/lib/../lib] ==> dir [/lib/../lib]
    arg [-L/usr/lib/i386-linux-gnu] ==> dir [/usr/lib/i386-linux-gnu]
    arg [-L/usr/lib/../lib] ==> dir [/usr/lib/../lib]
    arg [-L/usr/lib/gcc/i686-linux-gnu/4.7/../../..] ==> dir [/usr/lib/gcc/i686-linux-gnu/4.7/../../..]
    arg [CMakeFiles/cmTryCompileExec1095603370.dir/CMakeCXXCompilerABI.cpp.o] ==> ignore
    arg [-lstdc++] ==> lib [stdc++]
    arg [-lm] ==> lib [m]
    arg [-lgcc_s] ==> lib [gcc_s]
    arg [-lgcc] ==> lib [gcc]
    arg [-lc] ==> lib [c]
    arg [-lgcc_s] ==> lib [gcc_s]
    arg [-lgcc] ==> lib [gcc]
    arg [/usr/lib/gcc/i686-linux-gnu/4.7/crtend.o] ==> ignore
    arg [/usr/lib/gcc/i686-linux-gnu/4.7/../../../i386-linux-gnu/crtn.o] ==> ignore
  remove lib [gcc_s]
  remove lib [gcc]
  remove lib [gcc_s]
  remove lib [gcc]
  collapse dir [/usr/lib/gcc/i686-linux-gnu/4.7] ==> [/usr/lib/gcc/i686-linux-gnu/4.7]
  collapse dir [/usr/lib/gcc/i686-linux-gnu/4.7/../../../i386-linux-gnu] ==> [/usr/lib/i386-linux-gnu]
  collapse dir [/usr/lib/gcc/i686-linux-gnu/4.7/../../../../lib] ==> [/usr/lib]
  collapse dir [/lib/i386-linux-gnu] ==> [/lib/i386-linux-gnu]
  collapse dir [/lib/../lib] ==> [/lib]
  collapse dir [/usr/lib/i386-linux-gnu] ==> [/usr/lib/i386-linux-gnu]
  collapse dir [/usr/lib/../lib] ==> [/usr/lib]
  collapse dir [/usr/lib/gcc/i686-linux-gnu/4.7/../../..] ==> [/usr/lib]
  implicit libs: [stdc++;m;c]
  implicit dirs: [/usr/lib/gcc/i686-linux-gnu/4.7;/usr/lib/i386-linux-gnu;/usr/lib;/lib/i386-linux-gnu;/lib]


Determining if the C compiler works passed with the following output:
Change Dir: /home/vermouth/Desktop/opencv-2.4.6.1/build/CMakeFiles/CMakeTmp

Run Build Command:/usr/bin/make "cmTryCompileExec1334135463/fast"
/usr/bin/make -f CMakeFiles/cmTryCompileExec1334135463.dir/build.make CMakeFiles/cmTryCompileExec1334135463.dir/build
make[1]: Entering directory `/home/vermouth/Desktop/opencv-2.4.6.1/build/CMakeFiles/CMakeTmp'
/usr/bin/cmake -E cmake_progress_report /home/vermouth/Desktop/opencv-2.4.6.1/build/CMakeFiles/CMakeTmp/CMakeFiles 1
Building C object CMakeFiles/cmTryCompileExec1334135463.dir/testCCompiler.c.o
/usr/bin/cc    -o CMakeFiles/cmTryCompileExec1334135463.dir/testCCompiler.c.o   -c /home/vermouth/Desktop/opencv-2.4.6.1/build/CMakeFiles/CMakeTmp/testCCompiler.c
Linking C executable cmTryCompileExec1334135463
/usr/bin/cmake -E cmake_link_script CMakeFiles/cmTryCompileExec1334135463.dir/link.txt --verbose=1
/usr/bin/cc         CMakeFiles/cmTryCompileExec1334135463.dir/testCCompiler.c.o  -o cmTryCompileExec1334135463 -rdynamic 
make[1]: Leaving directory `/home/vermouth/Desktop/opencv-2.4.6.1/build/CMakeFiles/CMakeTmp'


Detecting C compiler ABI info compiled with the following output:
Change Dir: /home/vermouth/Desktop/opencv-2.4.6.1/build/CMakeFiles/CMakeTmp

Run Build Command:/usr/bin/make "cmTryCompileExec1694452291/fast"
/usr/bin/make -f CMakeFiles/cmTryCompileExec1694452291.dir/build.make CMakeFiles/cmTryCompileExec1694452291.dir/build
make[1]: Entering directory `/home/vermouth/Desktop/opencv-2.4.6.1/build/CMakeFiles/CMakeTmp'
/usr/bin/cmake -E cmake_progress_report /home/vermouth/Desktop/opencv-2.4.6.1/build/CMakeFiles/CMakeTmp/CMakeFiles 1
Building C object CMakeFiles/cmTryCompileExec1694452291.dir/CMakeCCompilerABI.c.o
/usr/bin/cc    -o CMakeFiles/cmTryCompileExec1694452291.dir/CMakeCCompilerABI.c.o   -c /usr/share/cmake-2.8/Modules/CMakeCCompilerABI.c
Linking C executable cmTryCompileExec1694452291
/usr/bin/cmake -E cmake_link_script CMakeFiles/cmTryCompileExec1694452291.dir/link.txt --verbose=1
/usr/bin/cc       -v CMakeFiles/cmTryCompileExec1694452291.dir/CMakeCCompilerABI.c.o  -o cmTryCompileExec1694452291 -rdynamic  
Using built-in specs.
COLLECT_GCC=/usr/bin/cc
COLLECT_LTO_WRAPPER=/usr/lib/gcc/i686-linux-gnu/4.7/lto-wrapper
Target: i686-linux-gnu
Configured with: ../src/configure -v --with-pkgversion='Ubuntu/Linaro 4.7.3-1ubuntu1' --with-bugurl=file:///usr/share/doc/gcc-4.7/README.Bugs --enable-languages=c,c++,go,fortran,objc,obj-c++ --prefix=/usr --program-suffix=-4.7 --enable-shared --enable-linker-build-id --libexecdir=/usr/lib --without-included-gettext --enable-threads=posix --with-gxx-include-dir=/usr/include/c++/4.7 --libdir=/usr/lib --enable-nls --with-sysroot=/ --enable-clocale=gnu --enable-libstdcxx-debug --enable-libstdcxx-time=yes --enable-gnu-unique-object --enable-plugin --with-system-zlib --enable-objc-gc --enable-targets=all --with-cloog --enable-cloog-backend=ppl --disable-cloog-version-check --disable-ppl-version-check --enable-multiarch --disable-werror --with-arch-32=i686 --with-multilib-list=m32,m64,mx32 --with-tune=generic --enable-checking=release --build=i686-linux-gnu --host=i686-linux-gnu --target=i686-linux-gnu
Thread model: posix
gcc version 4.7.3 (Ubuntu/Linaro 4.7.3-1ubuntu1) 
COMPILER_PATH=/usr/lib/gcc/i686-linux-gnu/4.7/:/usr/lib/gcc/i686-linux-gnu/4.7/:/usr/lib/gcc/i686-linux-gnu/:/usr/lib/gcc/i686-linux-gnu/4.7/:/usr/lib/gcc/i686-linux-gnu/
LIBRARY_PATH=/usr/lib/gcc/i686-linux-gnu/4.7/:/usr/lib/gcc/i686-linux-gnu/4.7/../../../i386-linux-gnu/:/usr/lib/gcc/i686-linux-gnu/4.7/../../../../lib/:/lib/i386-linux-gnu/:/lib/../lib/:/usr/lib/i386-linux-gnu/:/usr/lib/../lib/:/usr/lib/gcc/i686-linux-gnu/4.7/../../../:/lib/:/usr/lib/
COLLECT_GCC_OPTIONS='-v' '-o' 'cmTryCompileExec1694452291' '-rdynamic' '-mtune=generic' '-march=i686'
 /usr/lib/gcc/i686-linux-gnu/4.7/collect2 --sysroot=/ --build-id --eh-frame-hdr -m elf_i386 --hash-style=gnu --as-needed -export-dynamic -dynamic-linker /lib/ld-linux.so.2 -z relro -o cmTryCompileExec1694452291 /usr/lib/gcc/i686-linux-gnu/4.7/../../../i386-linux-gnu/crt1.o /usr/lib/gcc/i686-linux-gnu/4.7/../../../i386-linux-gnu/crti.o /usr/lib/gcc/i686-linux-gnu/4.7/crtbegin.o -L/usr/lib/gcc/i686-linux-gnu/4.7 -L/usr/lib/gcc/i686-linux-gnu/4.7/../../../i386-linux-gnu -L/usr/lib/gcc/i686-linux-gnu/4.7/../../../../lib -L/lib/i386-linux-gnu -L/lib/../lib -L/usr/lib/i386-linux-gnu -L/usr/lib/../lib -L/usr/lib/gcc/i686-linux-gnu/4.7/../../.. CMakeFiles/cmTryCompileExec1694452291.dir/CMakeCCompilerABI.c.o -lgcc --as-needed -lgcc_s --no-as-needed -lc -lgcc --as-needed -lgcc_s --no-as-needed /usr/lib/gcc/i686-linux-gnu/4.7/crtend.o /usr/lib/gcc/i686-linux-gnu/4.7/../../../i386-linux-gnu/crtn.o
make[1]: Leaving directory `/home/vermouth/Desktop/opencv-2.4.6.1/build/CMakeFiles/CMakeTmp'


Parsed C implicit link information from above output:
  link line regex: [^( *|.*[/\])(ld|ld|collect2)[^/\]*( |$)]
  ignore line: [Change Dir: /home/vermouth/Desktop/opencv-2.4.6.1/build/CMakeFiles/CMakeTmp]
  ignore line: []
  ignore line: [Run Build Command:/usr/bin/make "cmTryCompileExec1694452291/fast"]
  ignore line: [/usr/bin/make -f CMakeFiles/cmTryCompileExec1694452291.dir/build.make CMakeFiles/cmTryCompileExec1694452291.dir/build]
  ignore line: [make[1]: Entering directory `/home/vermouth/Desktop/opencv-2.4.6.1/build/CMakeFiles/CMakeTmp']
  ignore line: [/usr/bin/cmake -E cmake_progress_report /home/vermouth/Desktop/opencv-2.4.6.1/build/CMakeFiles/CMakeTmp/CMakeFiles 1]
  ignore line: [Building C object CMakeFiles/cmTryCompileExec1694452291.dir/CMakeCCompilerABI.c.o]
  ignore line: [/usr/bin/cc    -o CMakeFiles/cmTryCompileExec1694452291.dir/CMakeCCompilerABI.c.o   -c /usr/share/cmake-2.8/Modules/CMakeCCompilerABI.c]
  ignore line: [Linking C executable cmTryCompileExec1694452291]
  ignore line: [/usr/bin/cmake -E cmake_link_script CMakeFiles/cmTryCompileExec1694452291.dir/link.txt --verbose=1]
  ignore line: [/usr/bin/cc       -v CMakeFiles/cmTryCompileExec1694452291.dir/CMakeCCompilerABI.c.o  -o cmTryCompileExec1694452291 -rdynamic  ]
  ignore line: [Using built-in specs.]
  ignore line: [COLLECT_GCC=/usr/bin/cc]
  ignore line: [COLLECT_LTO_WRAPPER=/usr/lib/gcc/i686-linux-gnu/4.7/lto-wrapper]
  ignore line: [Target: i686-linux-gnu]
  ignore line: [Configured with: ../src/configure -v --with-pkgversion='Ubuntu/Linaro 4.7.3-1ubuntu1' --with-bugurl=file:///usr/share/doc/gcc-4.7/README.Bugs --enable-languages=c,c++,go,fortran,objc,obj-c++ --prefix=/usr --program-suffix=-4.7 --enable-shared --enable-linker-build-id --libexecdir=/usr/lib --without-included-gettext --enable-threads=posix --with-gxx-include-dir=/usr/include/c++/4.7 --libdir=/usr/lib --enable-nls --with-sysroot=/ --enable-clocale=gnu --enable-libstdcxx-debug --enable-libstdcxx-time=yes --enable-gnu-unique-object --enable-plugin --with-system-zlib --enable-objc-gc --enable-targets=all --with-cloog --enable-cloog-backend=ppl --disable-cloog-version-check --disable-ppl-version-check --enable-multiarch --disable-werror --with-arch-32=i686 --with-multilib-list=m32,m64,mx32 --with-tune=generic --enable-checking=release --build=i686-linux-gnu --host=i686-linux-gnu --target=i686-linux-gnu]
  ignore line: [Thread model: posix]
  ignore line: [gcc version 4.7.3 (Ubuntu/Linaro 4.7.3-1ubuntu1) ]
  ignore line: [COMPILER_PATH=/usr/lib/gcc/i686-linux-gnu/4.7/:/usr/lib/gcc/i686-linux-gnu/4.7/:/usr/lib/gcc/i686-linux-gnu/:/usr/lib/gcc/i686-linux-gnu/4.7/:/usr/lib/gcc/i686-linux-gnu/]
  ignore line: [LIBRARY_PATH=/usr/lib/gcc/i686-linux-gnu/4.7/:/usr/lib/gcc/i686-linux-gnu/4.7/../../../i386-linux-gnu/:/usr/lib/gcc/i686-linux-gnu/4.7/../../../../lib/:/lib/i386-linux-gnu/:/lib/../lib/:/usr/lib/i386-linux-gnu/:/usr/lib/../lib/:/usr/lib/gcc/i686-linux-gnu/4.7/../../../:/lib/:/usr/lib/]
  ignore line: [COLLECT_GCC_OPTIONS='-v' '-o' 'cmTryCompileExec1694452291' '-rdynamic' '-mtune=generic' '-march=i686']
  link line: [ /usr/lib/gcc/i686-linux-gnu/4.7/collect2 --sysroot=/ --build-id --eh-frame-hdr -m elf_i386 --hash-style=gnu --as-needed -export-dynamic -dynamic-linker /lib/ld-linux.so.2 -z relro -o cmTryCompileExec1694452291 /usr/lib/gcc/i686-linux-gnu/4.7/../../../i386-linux-gnu/crt1.o /usr/lib/gcc/i686-linux-gnu/4.7/../../../i386-linux-gnu/crti.o /usr/lib/gcc/i686-linux-gnu/4.7/crtbegin.o -L/usr/lib/gcc/i686-linux-gnu/4.7 -L/usr/lib/gcc/i686-linux-gnu/4.7/../../../i386-linux-gnu -L/usr/lib/gcc/i686-linux-gnu/4.7/../../../../lib -L/lib/i386-linux-gnu -L/lib/../lib -L/usr/lib/i386-linux-gnu -L/usr/lib/../lib -L/usr/lib/gcc/i686-linux-gnu/4.7/../../.. CMakeFiles/cmTryCompileExec1694452291.dir/CMakeCCompilerABI.c.o -lgcc --as-needed -lgcc_s --no-as-needed -lc -lgcc --as-needed -lgcc_s --no-as-needed /usr/lib/gcc/i686-linux-gnu/4.7/crtend.o /usr/lib/gcc/i686-linux-gnu/4.7/../../../i386-linux-gnu/crtn.o]
    arg [/usr/lib/gcc/i686-linux-gnu/4.7/collect2] ==> ignore
    arg [--sysroot=/] ==> ignore
    arg [--build-id] ==> ignore
    arg [--eh-frame-hdr] ==> ignore
    arg [-m] ==> ignore
    arg [elf_i386] ==> ignore
    arg [--hash-style=gnu] ==> ignore
    arg [--as-needed] ==> ignore
    arg [-export-dynamic] ==> ignore
    arg [-dynamic-linker] ==> ignore
    arg [/lib/ld-linux.so.2] ==> ignore
    arg [-zrelro] ==> ignore
    arg [-o] ==> ignore
    arg [cmTryCompileExec1694452291] ==> ignore
    arg [/usr/lib/gcc/i686-linux-gnu/4.7/../../../i386-linux-gnu/crt1.o] ==> ignore
    arg [/usr/lib/gcc/i686-linux-gnu/4.7/../../../i386-linux-gnu/crti.o] ==> ignore
    arg [/usr/lib/gcc/i686-linux-gnu/4.7/crtbegin.o] ==> ignore
    arg [-L/usr/lib/gcc/i686-linux-gnu/4.7] ==> dir [/usr/lib/gcc/i686-linux-gnu/4.7]
    arg [-L/usr/lib/gcc/i686-linux-gnu/4.7/../../../i386-linux-gnu] ==> dir [/usr/lib/gcc/i686-linux-gnu/4.7/../../../i386-linux-gnu]
    arg [-L/usr/lib/gcc/i686-linux-gnu/4.7/../../../../lib] ==> dir [/usr/lib/gcc/i686-linux-gnu/4.7/../../../../lib]
    arg [-L/lib/i386-linux-gnu] ==> dir [/lib/i386-linux-gnu]
    arg [-L/lib/../lib] ==> dir [/lib/../lib]
    arg [-L/usr/lib/i386-linux-gnu] ==> dir [/usr/lib/i386-linux-gnu]
    arg [-L/usr/lib/../lib] ==> dir [/usr/lib/../lib]
    arg [-L/usr/lib/gcc/i686-linux-gnu/4.7/../../..] ==> dir [/usr/lib/gcc/i686-linux-gnu/4.7/../../..]
    arg [CMakeFiles/cmTryCompileExec1694452291.dir/CMakeCCompilerABI.c.o] ==> ignore
    arg [-lgcc] ==> lib [gcc]
    arg [--as-needed] ==> ignore
    arg [-lgcc_s] ==> lib [gcc_s]
    arg [--no-as-needed] ==> ignore
    arg [-lc] ==> lib [c]
    arg [-lgcc] ==> lib [gcc]
    arg [--as-needed] ==> ignore
    arg [-lgcc_s] ==> lib [gcc_s]
    arg [--no-as-needed] ==> ignore
    arg [/usr/lib/gcc/i686-linux-gnu/4.7/crtend.o] ==> ignore
    arg [/usr/lib/gcc/i686-linux-gnu/4.7/../../../i386-linux-gnu/crtn.o] ==> ignore
  remove lib [gcc]
  remove lib [gcc_s]
  remove lib [gcc]
  remove lib [gcc_s]
  collapse dir [/usr/lib/gcc/i686-linux-gnu/4.7] ==> [/usr/lib/gcc/i686-linux-gnu/4.7]
  collapse dir [/usr/lib/gcc/i686-linux-gnu/4.7/../../../i386-linux-gnu] ==> [/usr/lib/i386-linux-gnu]
  collapse dir [/usr/lib/gcc/i686-linux-gnu/4.7/../../../../lib] ==> [/usr/lib]
  collapse dir [/lib/i386-linux-gnu] ==> [/lib/i386-linux-gnu]
  collapse dir [/lib/../lib] ==> [/lib]
  collapse dir [/usr/lib/i386-linux-gnu] ==> [/usr/lib/i386-linux-gnu]
  collapse dir [/usr/lib/../lib] ==> [/usr/lib]
  collapse dir [/usr/lib/gcc/i686-linux-gnu/4.7/../../..] ==> [/usr/lib]
  implicit libs: [c]
  implicit dirs: [/usr/lib/gcc/i686-linux-gnu/4.7;/usr/lib/i386-linux-gnu;/usr/lib;/lib/i386-linux-gnu;/lib]


Determining if the include file alloca.h exists passed with the following output:
Change Dir: /home/vermouth/Desktop/opencv-2.4.6.1/build/CMakeFiles/CMakeTmp

Run Build Command:/usr/bin/make "cmTryCompileExec775076401/fast"
/usr/bin/make -f CMakeFiles/cmTryCompileExec775076401.dir/build.make CMakeFiles/cmTryCompileExec775076401.dir/build
make[1]: Entering directory `/home/vermouth/Desktop/opencv-2.4.6.1/build/CMakeFiles/CMakeTmp'
/usr/bin/cmake -E cmake_progress_report /home/vermouth/Desktop/opencv-2.4.6.1/build/CMakeFiles/CMakeTmp/CMakeFiles 1
Building C object CMakeFiles/cmTryCompileExec775076401.dir/CheckIncludeFile.c.o
/usr/bin/cc   -fsigned-char -W -Wall -Werror=return-type -Werror=address -Werror=sequence-point -Wformat -Werror=format-security -Wmissing-declarations -Wmissing-prototypes -Wstrict-prototypes -Wundef -Winit-self -Wpointer-arith -Wshadow -Wno-narrowing -fdiagnostics-show-option -pthread -march=i686 -fomit-frame-pointer -msse -msse2 -msse3 -mfpmath=sse -ffunction-sections   -O3 -DNDEBUG   -o CMakeFiles/cmTryCompileExec775076401.dir/CheckIncludeFile.c.o   -c /home/vermouth/Desktop/opencv-2.4.6.1/build/CMakeFiles/CMakeTmp/CheckIncludeFile.c
Linking C executable cmTryCompileExec775076401
/usr/bin/cmake -E cmake_link_script CMakeFiles/cmTryCompileExec775076401.dir/link.txt --verbose=1
/usr/bin/cc      -fsigned-char -W -Wall -Werror=return-type -Werror=address -Werror=sequence-point -Wformat -Werror=format-security -Wmissing-declarations -Wmissing-prototypes -Wstrict-prototypes -Wundef -Winit-self -Wpointer-arith -Wshadow -Wno-narrowing -fdiagnostics-show-option -pthread -march=i686 -fomit-frame-pointer -msse -msse2 -msse3 -mfpmath=sse -ffunction-sections   -O3 -DNDEBUG    CMakeFiles/cmTryCompileExec775076401.dir/CheckIncludeFile.c.o  -o cmTryCompileExec775076401 -rdynamic 
make[1]: Leaving directory `/home/vermouth/Desktop/opencv-2.4.6.1/build/CMakeFiles/CMakeTmp'


Determining if the include file unistd.h exists passed with the following output:
Change Dir: /home/vermouth/Desktop/opencv-2.4.6.1/build/CMakeFiles/CMakeTmp

Run Build Command:/usr/bin/make "cmTryCompileExec3050978081/fast"
/usr/bin/make -f CMakeFiles/cmTryCompileExec3050978081.dir/build.make CMakeFiles/cmTryCompileExec3050978081.dir/build
make[1]: Entering directory `/home/vermouth/Desktop/opencv-2.4.6.1/build/CMakeFiles/CMakeTmp'
/usr/bin/cmake -E cmake_progress_report /home/vermouth/Desktop/opencv-2.4.6.1/build/CMakeFiles/CMakeTmp/CMakeFiles 1
Building C object CMakeFiles/cmTryCompileExec3050978081.dir/CheckIncludeFile.c.o
/usr/bin/cc   -fsigned-char -W -Wall -Werror=return-type -Werror=address -Werror=sequence-point -Wformat -Werror=format-security -Wmissing-declarations -Wmissing-prototypes -Wstrict-prototypes -Wundef -Winit-self -Wpointer-arith -Wshadow -Wno-narrowing -fdiagnostics-show-option -pthread -march=i686 -fomit-frame-pointer -msse -msse2 -msse3 -mfpmath=sse -ffunction-sections   -O3 -DNDEBUG   -o CMakeFiles/cmTryCompileExec3050978081.dir/CheckIncludeFile.c.o   -c /home/vermouth/Desktop/opencv-2.4.6.1/build/CMakeFiles/CMakeTmp/CheckIncludeFile.c
Linking C executable cmTryCompileExec3050978081
/usr/bin/cmake -E cmake_link_script CMakeFiles/cmTryCompileExec3050978081.dir/link.txt --verbose=1
/usr/bin/cc      -fsigned-char -W -Wall -Werror=return-type -Werror=address -Werror=sequence-point -Wformat -Werror=format-security -Wmissing-declarations -Wmissing-prototypes -Wstrict-prototypes -Wundef -Winit-self -Wpointer-arith -Wshadow -Wno-narrowing -fdiagnostics-show-option -pthread -march=i686 -fomit-frame-pointer -msse -msse2 -msse3 -mfpmath=sse -ffunction-sections   -O3 -DNDEBUG    CMakeFiles/cmTryCompileExec3050978081.dir/CheckIncludeFile.c.o  -o cmTryCompileExec3050978081 -rdynamic 
make[1]: Leaving directory `/home/vermouth/Desktop/opencv-2.4.6.1/build/CMakeFiles/CMakeTmp'


Determining if the include file pthread.h exists passed with the following output:
Change Dir: /home/vermouth/Desktop/opencv-2.4.6.1/build/CMakeFiles/CMakeTmp

Run Build Command:/usr/bin/make "cmTryCompileExec3281332916/fast"
/usr/bin/make -f CMakeFiles/cmTryCompileExec3281332916.dir/build.make CMakeFiles/cmTryCompileExec3281332916.dir/build
make[1]: Entering directory `/home/vermouth/Desktop/opencv-2.4.6.1/build/CMakeFiles/CMakeTmp'
/usr/bin/cmake -E cmake_progress_report /home/vermouth/Desktop/opencv-2.4.6.1/build/CMakeFiles/CMakeTmp/CMakeFiles 1
Building C object CMakeFiles/cmTryCompileExec3281332916.dir/CheckIncludeFile.c.o
/usr/bin/cc   -fsigned-char -W -Wall -Werror=return-type -Werror=address -Werror=sequence-point -Wformat -Werror=format-security -Wmissing-declarations -Wmissing-prototypes -Wstrict-prototypes -Wundef -Winit-self -Wpointer-arith -Wshadow -Wno-narrowing -fdiagnostics-show-option -pthread -march=i686 -fomit-frame-pointer -msse -msse2 -msse3 -mfpmath=sse -ffunction-sections   -O3 -DNDEBUG   -o CMakeFiles/cmTryCompileExec3281332916.dir/CheckIncludeFile.c.o   -c /home/vermouth/Desktop/opencv-2.4.6.1/build/CMakeFiles/CMakeTmp/CheckIncludeFile.c
Linking C executable cmTryCompileExec3281332916
/usr/bin/cmake -E cmake_link_script CMakeFiles/cmTryCompileExec3281332916.dir/link.txt --verbose=1
/usr/bin/cc      -fsigned-char -W -Wall -Werror=return-type -Werror=address -Werror=sequence-point -Wformat -Werror=format-security -Wmissing-declarations -Wmissing-prototypes -Wstrict-prototypes -Wundef -Winit-self -Wpointer-arith -Wshadow -Wno-narrowing -fdiagnostics-show-option -pthread -march=i686 -fomit-frame-pointer -msse -msse2 -msse3 -mfpmath=sse -ffunction-sections   -O3 -DNDEBUG    CMakeFiles/cmTryCompileExec3281332916.dir/CheckIncludeFile.c.o  -o cmTryCompileExec3281332916 -rdynamic 
make[1]: Leaving directory `/home/vermouth/Desktop/opencv-2.4.6.1/build/CMakeFiles/CMakeTmp'


Determining if the include file /usr/include/png.h exists passed with the following output:
Change Dir: /home/vermouth/Desktop/opencv-2.4.6.1/build/CMakeFiles/CMakeTmp

Run Build Command:/usr/bin/make "cmTryCompileExec218407134/fast"
/usr/bin/make -f CMakeFiles/cmTryCompileExec218407134.dir/build.make CMakeFiles/cmTryCompileExec218407134.dir/build
make[1]: Entering directory `/home/vermouth/Desktop/opencv-2.4.6.1/build/CMakeFiles/CMakeTmp'
/usr/bin/cmake -E cmake_progress_report /home/vermouth/Desktop/opencv-2.4.6.1/build/CMakeFiles/CMakeTmp/CMakeFiles 1
Building C object CMakeFiles/cmTryCompileExec218407134.dir/CheckIncludeFile.c.o
/usr/bin/cc   -fsigned-char -W -Wall -Werror=return-type -Werror=address -Werror=sequence-point -Wformat -Werror=format-security -Wmissing-declarations -Wmissing-prototypes -Wstrict-prototypes -Wundef -Winit-self -Wpointer-arith -Wshadow -Wno-narrowing -fdiagnostics-show-option -pthread -march=i686 -fomit-frame-pointer -msse -msse2 -msse3 -mfpmath=sse -ffunction-sections   -O3 -DNDEBUG   -o CMakeFiles/cmTryCompileExec218407134.dir/CheckIncludeFile.c.o   -c /home/vermouth/Desktop/opencv-2.4.6.1/build/CMakeFiles/CMakeTmp/CheckIncludeFile.c
Linking C executable cmTryCompileExec218407134
/usr/bin/cmake -E cmake_link_script CMakeFiles/cmTryCompileExec218407134.dir/link.txt --verbose=1
/usr/bin/cc      -fsigned-char -W -Wall -Werror=return-type -Werror=address -Werror=sequence-point -Wformat -Werror=format-security -Wmissing-declarations -Wmissing-prototypes -Wstrict-prototypes -Wundef -Winit-self -Wpointer-arith -Wshadow -Wno-narrowing -fdiagnostics-show-option -pthread -march=i686 -fomit-frame-pointer -msse -msse2 -msse3 -mfpmath=sse -ffunction-sections   -O3 -DNDEBUG    CMakeFiles/cmTryCompileExec218407134.dir/CheckIncludeFile.c.o  -o cmTryCompileExec218407134 -rdynamic 
make[1]: Leaving directory `/home/vermouth/Desktop/opencv-2.4.6.1/build/CMakeFiles/CMakeTmp'


Determining if the include file /usr/include/libpng/png.h exists passed with the following output:
Change Dir: /home/vermouth/Desktop/opencv-2.4.6.1/build/CMakeFiles/CMakeTmp

Run Build Command:/usr/bin/make "cmTryCompileExec3250726853/fast"
/usr/bin/make -f CMakeFiles/cmTryCompileExec3250726853.dir/build.make CMakeFiles/cmTryCompileExec3250726853.dir/build
make[1]: Entering directory `/home/vermouth/Desktop/opencv-2.4.6.1/build/CMakeFiles/CMakeTmp'
/usr/bin/cmake -E cmake_progress_report /home/vermouth/Desktop/opencv-2.4.6.1/build/CMakeFiles/CMakeTmp/CMakeFiles 1
Building C object CMakeFiles/cmTryCompileExec3250726853.dir/CheckIncludeFile.c.o
/usr/bin/cc   -fsigned-char -W -Wall -Werror=return-type -Werror=address -Werror=sequence-point -Wformat -Werror=format-security -Wmissing-declarations -Wmissing-prototypes -Wstrict-prototypes -Wundef -Winit-self -Wpointer-arith -Wshadow -Wno-narrowing -fdiagnostics-show-option -pthread -march=i686 -fomit-frame-pointer -msse -msse2 -msse3 -mfpmath=sse -ffunction-sections   -O3 -DNDEBUG   -o CMakeFiles/cmTryCompileExec3250726853.dir/CheckIncludeFile.c.o   -c /home/vermouth/Desktop/opencv-2.4.6.1/build/CMakeFiles/CMakeTmp/CheckIncludeFile.c
Linking C executable cmTryCompileExec3250726853
/usr/bin/cmake -E cmake_link_script CMakeFiles/cmTryCompileExec3250726853.dir/link.txt --verbose=1
/usr/bin/cc      -fsigned-char -W -Wall -Werror=return-type -Werror=address -Werror=sequence-point -Wformat -Werror=format-security -Wmissing-declarations -Wmissing-prototypes -Wstrict-prototypes -Wundef -Winit-self -Wpointer-arith -Wshadow -Wno-narrowing -fdiagnostics-show-option -pthread -march=i686 -fomit-frame-pointer -msse -msse2 -msse3 -mfpmath=sse -ffunction-sections   -O3 -DNDEBUG    CMakeFiles/cmTryCompileExec3250726853.dir/CheckIncludeFile.c.o  -o cmTryCompileExec3250726853 -rdynamic 
make[1]: Leaving directory `/home/vermouth/Desktop/opencv-2.4.6.1/build/CMakeFiles/CMakeTmp'


Determining if the include file linux/videodev2.h exists passed with the following output:
Change Dir: /home/vermouth/Desktop/opencv-2.4.6.1/build/CMakeFiles/CMakeTmp

Run Build Command:/usr/bin/make "cmTryCompileExec3112866286/fast"
/usr/bin/make -f CMakeFiles/cmTryCompileExec3112866286.dir/build.make CMakeFiles/cmTryCompileExec3112866286.dir/build
make[1]: Entering directory `/home/vermouth/Desktop/opencv-2.4.6.1/build/CMakeFiles/CMakeTmp'
/usr/bin/cmake -E cmake_progress_report /home/vermouth/Desktop/opencv-2.4.6.1/build/CMakeFiles/CMakeTmp/CMakeFiles 1
Building C object CMakeFiles/cmTryCompileExec3112866286.dir/CheckIncludeFile.c.o
/usr/bin/cc   -fsigned-char -W -Wall -Werror=return-type -Werror=address -Werror=sequence-point -Wformat -Werror=format-security -Wmissing-declarations -Wmissing-prototypes -Wstrict-prototypes -Wundef -Winit-self -Wpointer-arith -Wshadow -Wno-narrowing -fdiagnostics-show-option -pthread -march=i686 -fomit-frame-pointer -msse -msse2 -msse3 -mfpmath=sse -ffunction-sections   -O3 -DNDEBUG   -o CMakeFiles/cmTryCompileExec3112866286.dir/CheckIncludeFile.c.o   -c /home/vermouth/Desktop/opencv-2.4.6.1/build/CMakeFiles/CMakeTmp/CheckIncludeFile.c
Linking C executable cmTryCompileExec3112866286
/usr/bin/cmake -E cmake_link_script CMakeFiles/cmTryCompileExec3112866286.dir/link.txt --verbose=1
/usr/bin/cc      -fsigned-char -W -Wall -Werror=return-type -Werror=address -Werror=sequence-point -Wformat -Werror=format-security -Wmissing-declarations -Wmissing-prototypes -Wstrict-prototypes -Wundef -Winit-self -Wpointer-arith -Wshadow -Wno-narrowing -fdiagnostics-show-option -pthread -march=i686 -fomit-frame-pointer -msse -msse2 -msse3 -mfpmath=sse -ffunction-sections   -O3 -DNDEBUG    CMakeFiles/cmTryCompileExec3112866286.dir/CheckIncludeFile.c.o  -o cmTryCompileExec3112866286 -rdynamic 
make[1]: Leaving directory `/home/vermouth/Desktop/opencv-2.4.6.1/build/CMakeFiles/CMakeTmp'


Determining if the include file libavformat/avformat.h exists passed with the following output:
Change Dir: /home/vermouth/Desktop/opencv-2.4.6.1/build/CMakeFiles/CMakeTmp

Run Build Command:/usr/bin/make "cmTryCompileExec1642551428/fast"
/usr/bin/make -f CMakeFiles/cmTryCompileExec1642551428.dir/build.make CMakeFiles/cmTryCompileExec1642551428.dir/build
make[1]: Entering directory `/home/vermouth/Desktop/opencv-2.4.6.1/build/CMakeFiles/CMakeTmp'
/usr/bin/cmake -E cmake_progress_report /home/vermouth/Desktop/opencv-2.4.6.1/build/CMakeFiles/CMakeTmp/CMakeFiles 1
Building C object CMakeFiles/cmTryCompileExec1642551428.dir/CheckIncludeFile.c.o
/usr/bin/cc   -fsigned-char -W -Wall -Werror=return-type -Werror=address -Werror=sequence-point -Wformat -Werror=format-security -Wmissing-declarations -Wmissing-prototypes -Wstrict-prototypes -Wundef -Winit-self -Wpointer-arith -Wshadow -Wno-narrowing -fdiagnostics-show-option -pthread -march=i686 -fomit-frame-pointer -msse -msse2 -msse3 -mfpmath=sse -ffunction-sections   -O3 -DNDEBUG   -o CMakeFiles/cmTryCompileExec1642551428.dir/CheckIncludeFile.c.o   -c /home/vermouth/Desktop/opencv-2.4.6.1/build/CMakeFiles/CMakeTmp/CheckIncludeFile.c
Linking C executable cmTryCompileExec1642551428
/usr/bin/cmake -E cmake_link_script CMakeFiles/cmTryCompileExec1642551428.dir/link.txt --verbose=1
/usr/bin/cc      -fsigned-char -W -Wall -Werror=return-type -Werror=address -Werror=sequence-point -Wformat -Werror=format-security -Wmissing-declarations -Wmissing-prototypes -Wstrict-prototypes -Wundef -Winit-self -Wpointer-arith -Wshadow -Wno-narrowing -fdiagnostics-show-option -pthread -march=i686 -fomit-frame-pointer -msse -msse2 -msse3 -mfpmath=sse -ffunction-sections   -O3 -DNDEBUG    CMakeFiles/cmTryCompileExec1642551428.dir/CheckIncludeFile.c.o  -o cmTryCompileExec1642551428 -rdynamic 
make[1]: Leaving directory `/home/vermouth/Desktop/opencv-2.4.6.1/build/CMakeFiles/CMakeTmp'


